
[24/10/2025 22:27:57] [TRACE] Routine Messes annuelles
[24/10/2025 22:27:57] [INFO] Aucune Messes ou Intentions à mettre à jour

[24/10/2025 22:28:20] [TRACE] Routine modification statut en terminé
[24/10/2025 22:28:20] [INFO] Aucune Messes ou Intentions à mettre à jour

[24/10/2025 22:29:01] [TRACE] Routine Messes annuelles
[24/10/2025 22:29:01] [INFO] Aucune Messes ou Intentions à mettre à jour

[24/10/2025 22:29:40] [TRACE] Routine Messes annuelles
[24/10/2025 22:29:40] [INFO] Aucune intention récurrente trouvée pour cette année

[24/10/2025 22:39:38] [TRACE] Routine Messes mensuelles
[24/10/2025 22:39:38] [INFO] Aucune intention récurrente trouvée pour ce mois

[24/10/2025 22:40:32] [TRACE] Routine Messes mensuelles
[24/10/2025 22:40:32] [SUCCESS] Intentions mises à jour (1): 98
[24/10/2025 22:40:32] [SUCCESS] 1 Messes créées et assignées

[24/10/2025 22:41:38] [TRACE] Routine Messes mensuelles
[24/10/2025 22:41:38] [SUCCESS] Intentions traitées (1): 98
[24/10/2025 22:41:38] [SUCCESS] 1 Messes créées et assignées

[24/10/2025 22:42:09] [TRACE] Routine Messes mensuelles
[24/10/2025 22:42:09] [SUCCESS] Intentions traitées (1): 98
[24/10/2025 22:42:09] [SUCCESS] 1 Messes créée(s) et assignée(s)

[24/10/2025 22:50:07] [TRACE] Routine Messes mensuelles position relative
[24/10/2025 22:50:08] [SUCCESS] Intentions traitées (1): 85
[24/10/2025 22:50:08] [SUCCESS] 1 Messes créée(s) et assignée(s)
